<?xml version="1.0" encoding="UTF-8"?>
<!-- Generated by org.testng.reporters.JUnitReportReporter -->
<testsuite hostname="QT-INBG-LT1944" failures="0" tests="8" name="hp" time="28.724" errors="0" timestamp="2022-09-16T13:55:20 IST" skipped="0">
  <testcase classname="hp" name="homepage3" time="3.191"/>
  <system-out/>
  <testcase classname="hp" name="homepage5" time="3.476"/>
  <system-out/>
  <testcase classname="hp" name="homepage8" time="3.346"/>
  <system-out/>
  <testcase classname="hp" name="homepage4" time="3.713"/>
  <system-out/>
  <testcase classname="hp" name="homepage7" time="3.450"/>
  <system-out/>
  <testcase classname="hp" name="homepage2" time="3.850"/>
  <system-out/>
  <testcase classname="hp" name="homepage1" time="4.191"/>
  <system-out/>
  <testcase classname="hp" name="homepage6" time="3.507"/>
  <system-out/>
</testsuite> <!-- hp -->
