<?xml version="1.0" encoding="UTF-8"?>
<!-- Generated by org.testng.reporters.JUnitReportReporter -->
<testsuite hostname="QT-INBG-LT1944" failures="0" tests="8" name="Home" time="36.116" errors="0" timestamp="2022-09-19T18:20:28 IST" skipped="0">
  <testcase classname="Home" name="homepage06" time="4.233"/>
  <system-out/>
  <testcase classname="Home" name="homepage03" time="4.110"/>
  <system-out/>
  <testcase classname="Home" name="homepage02" time="4.397"/>
  <system-out/>
  <testcase classname="Home" name="homepage05" time="4.275"/>
  <system-out/>
  <testcase classname="Home" name="homepage01" time="3.994"/>
  <system-out/>
  <testcase classname="Home" name="homepage07" time="6.210"/>
  <system-out/>
  <testcase classname="Home" name="homepage08" time="4.667"/>
  <system-out/>
  <testcase classname="Home" name="homepage04" time="4.230"/>
  <system-out/>
</testsuite> <!-- Home -->
